<?xml version="1.0" encoding="UTF-8"?>
<testsuite xmlns:xsi="http://www.w3.org/2001/XMLSchema-instance" xsi:noNamespaceSchemaLocation="https://maven.apache.org/surefire/maven-surefire-plugin/xsd/surefire-test-report-3.0.xsd" version="3.0" name="com.hydottech.Hydot.Enterprise.Suite.Backend.HydotEnterpriseSuiteBackendApplicationTests" time="4.236" tests="1" errors="0" skipped="0" failures="0">
  <properties>
[...]
</properties>
  <testcase name="contextLoads" classname="com.hydottech.Hydot.Enterprise.Suite.Backend.HydotEnterpriseSuiteBackendApplicationTests" time="0.622">
    <system-out><![CDATA[19:56:02.765 [main] INFO org.springframework.test.context.support.AnnotationConfigContextLoaderUtils -- Could not detect default configuration classes for test class [com.hydottech.Hydot.Enterprise.Suite.Backend.HydotEnterpriseSuiteBackendApplicationTests]: HydotEnterpriseSuiteBackendApplicationTests does not declare any static, non-private, non-final, nested classes annotated with @Configuration.
19:56:02.857 [main] INFO org.springframework.boot.test.context.SpringBootTestContextBootstrapper -- Found @SpringBootConfiguration com.hydottech.Hydot.Enterprise.Suite.Backend.HydotEnterpriseSuiteBackendApplication for test class com.hydottech.Hydot.Enterprise.Suite.Backend.HydotEnterpriseSuiteBackendApplicationTests

  .   ____          _            __ _ _
 /\\ / ___'_ __ _ _(_)_ __  __ _ \ \ \ \
( ( )\___ | '_ | '_| | '_ \/ _` | \ \ \ \
 \\/  ___)| |_)| | | | | || (_| |  ) ) ) )
  '  |____| .__|_| |_|_| |_\__, | / / / /
 =========|_|==============|___/=/_/_/_/

 :: Spring Boot ::                (v3.3.4)

2024-09-29T19:56:03.352Z  INFO 8330 --- [Hydot-Enterprise-Suite-Backend] [           main] otEnterpriseSuiteBackendApplicationTests : Starting HydotEnterpriseSuiteBackendApplicationTests using Java 22.0.2 with PID 8330 (started by glydetek in /Users/glydetek/Desktop/HydotTech/Products/HES/HES_Backend)
2024-09-29T19:56:03.354Z  INFO 8330 --- [Hydot-Enterprise-Suite-Backend] [           main] otEnterpriseSuiteBackendApplicationTests : No active profile set, falling back to 1 default profile: "default"
2024-09-29T19:56:04.009Z  INFO 8330 --- [Hydot-Enterprise-Suite-Backend] [           main] .s.d.r.c.RepositoryConfigurationDelegate : Bootstrapping Spring Data JPA repositories in DEFAULT mode.
2024-09-29T19:56:04.028Z  INFO 8330 --- [Hydot-Enterprise-Suite-Backend] [           main] .s.d.r.c.RepositoryConfigurationDelegate : Finished Spring Data repository scanning in 12 ms. Found 0 JPA repository interfaces.
2024-09-29T19:56:04.440Z  INFO 8330 --- [Hydot-Enterprise-Suite-Backend] [           main] com.zaxxer.hikari.HikariDataSource       : HikariPool-1 - Starting...
2024-09-29T19:56:04.638Z  INFO 8330 --- [Hydot-Enterprise-Suite-Backend] [           main] com.zaxxer.hikari.pool.HikariPool        : HikariPool-1 - Added connection conn0: url=jdbc:h2:mem:8e54b0a4-157f-49d2-a52d-f7d264d1d7ab user=SA
2024-09-29T19:56:04.639Z  INFO 8330 --- [Hydot-Enterprise-Suite-Backend] [           main] com.zaxxer.hikari.HikariDataSource       : HikariPool-1 - Start completed.
2024-09-29T19:56:04.679Z  INFO 8330 --- [Hydot-Enterprise-Suite-Backend] [           main] o.hibernate.jpa.internal.util.LogHelper  : HHH000204: Processing PersistenceUnitInfo [name: default]
2024-09-29T19:56:04.722Z  INFO 8330 --- [Hydot-Enterprise-Suite-Backend] [           main] org.hibernate.Version                    : HHH000412: Hibernate ORM core version 6.5.3.Final
2024-09-29T19:56:04.782Z  INFO 8330 --- [Hydot-Enterprise-Suite-Backend] [           main] o.h.c.internal.RegionFactoryInitiator    : HHH000026: Second-level cache disabled
2024-09-29T19:56:05.079Z  INFO 8330 --- [Hydot-Enterprise-Suite-Backend] [           main] o.s.o.j.p.SpringPersistenceUnitInfo      : No LoadTimeWeaver setup: ignoring JPA class transformer
2024-09-29T19:56:05.411Z  INFO 8330 --- [Hydot-Enterprise-Suite-Backend] [           main] o.h.e.t.j.p.i.JtaPlatformInitiator       : HHH000489: No JTA platform available (set 'hibernate.transaction.jta.platform' to enable JTA platform integration)
2024-09-29T19:56:05.414Z  INFO 8330 --- [Hydot-Enterprise-Suite-Backend] [           main] j.LocalContainerEntityManagerFactoryBean : Initialized JPA EntityManagerFactory for persistence unit 'default'
2024-09-29T19:56:05.554Z  WARN 8330 --- [Hydot-Enterprise-Suite-Backend] [           main] JpaBaseConfiguration$JpaWebConfiguration : spring.jpa.open-in-view is enabled by default. Therefore, database queries may be performed during view rendering. Explicitly configure spring.jpa.open-in-view to disable this warning
2024-09-29T19:56:05.944Z  WARN 8330 --- [Hydot-Enterprise-Suite-Backend] [           main] .s.s.UserDetailsServiceAutoConfiguration : 

Using generated security password: bae08fe5-31f5-48d9-b67c-486ed9cd6a37

This generated password is for development use only. Your security configuration must be updated before running your application in production.

2024-09-29T19:56:05.969Z  INFO 8330 --- [Hydot-Enterprise-Suite-Backend] [           main] r$InitializeUserDetailsManagerConfigurer : Global AuthenticationManager configured with UserDetailsService bean with name inMemoryUserDetailsManager
2024-09-29T19:56:06.160Z  INFO 8330 --- [Hydot-Enterprise-Suite-Backend] [           main] otEnterpriseSuiteBackendApplicationTests : Started HydotEnterpriseSuiteBackendApplicationTests in 3.148 seconds (process running for 4.113)
]]></system-out>
    <system-err><![CDATA[WARNING: A Java agent has been loaded dynamically (/Users/glydetek/.m2/repository/net/bytebuddy/byte-buddy-agent/1.14.19/byte-buddy-agent-1.14.19.jar)
WARNING: If a serviceability tool is in use, please run with -XX:+EnableDynamicAgentLoading to hide this warning
WARNING: If a serviceability tool is not in use, please run with -Djdk.instrument.traceUsage for more information
WARNING: Dynamic loading of agents will be disallowed by default in a future release
]]></system-err>
  </testcase>
</testsuite>